<?xml version="1.0" encoding="UTF-8"?>
<!-- Generated by org.testng.reporters.JUnitReportReporter -->
<testsuite skipped="0" hostname="IRIS-CSG-1213" name="Learn.Selenium.TestBase.TestBase" tests="1" failures="0" timestamp="08 Aug 2017 08:48:07 GMT" time="15.782" errors="0">
  <testcase name="init" time="15.782" classname="Learn.Selenium.TestBase.TestBase"/>
</testsuite> <!-- Learn.Selenium.TestBase.TestBase -->
